<?xml version="1.0" encoding="utf-8"?>
<TestRun id="7e0dc43e-47b9-4a7b-a36f-57bf8e6ad639" name="Douglas@DESKTOP-UJI8L8D 2020-05-10 23:07:46" runUser="DESKTOP-UJI8L8D\Douglas" xmlns="http://microsoft.com/schemas/VisualStudio/TeamTest/2010">
  <Times creation="2020-05-10T23:07:46.2745399-03:00" queuing="2020-05-10T23:07:46.2745399-03:00" start="2020-05-10T23:07:38.8008084-03:00" finish="2020-05-10T23:07:46.3654838-03:00" />
  <TestSettings name="default" id="a930b68b-2c11-488a-8f13-63a546db0fd4">
    <Deployment runDeploymentRoot="Douglas_DESKTOP-UJI8L8D_2020-05-10_23_07_46" />
  </TestSettings>
  <Results>
    <UnitTestResult executionId="50d42b6c-bedb-45d3-b757-c85f15c88843" testId="4b75d892-0246-2009-e071-c0cc86f451c5" testName="InsertTest" computerName="DESKTOP-UJI8L8D" duration="00:00:00.2360000" startTime="2020-05-10T23:07:45.0000000-03:00" endTime="2020-05-10T23:07:45.0000000-03:00" testType="13cdc9d9-ddb5-4fa4-a97d-d965ccfc6d4b" outcome="Passed" testListId="8c84fa94-04c1-424b-9868-57a2d4851a1d" relativeResultsDirectory="50d42b6c-bedb-45d3-b757-c85f15c88843" />
  </Results>
  <TestDefinitions>
    <UnitTest name="InsertTest" storage="c:\users\douglas\trainning\csharp\econtact\nunittestproject1\bin\debug\netcoreapp2.2\econtacttest.dll" id="4b75d892-0246-2009-e071-c0cc86f451c5">
      <Execution id="50d42b6c-bedb-45d3-b757-c85f15c88843" />
      <TestMethod codeBase="C:\Users\Douglas\trainning\CSharp\Econtact\NUnitTestProject1\bin\Debug\netcoreapp2.2\EcontactTest.dll" adapterTypeName="executor://nunit3testexecutor/" className="Tests.Tests" name="InsertTest" />
    </UnitTest>
  </TestDefinitions>
  <TestEntries>
    <TestEntry testId="4b75d892-0246-2009-e071-c0cc86f451c5" executionId="50d42b6c-bedb-45d3-b757-c85f15c88843" testListId="8c84fa94-04c1-424b-9868-57a2d4851a1d" />
  </TestEntries>
  <TestLists>
    <TestList name="Resultados que não estão em uma lista" id="8c84fa94-04c1-424b-9868-57a2d4851a1d" />
    <TestList name="Todos os resultados carregados" id="19431567-8539-422a-85d7-44ee4e166bda" />
  </TestLists>
  <ResultSummary outcome="Completed">
    <Counters total="1" executed="1" passed="1" failed="0" error="0" timeout="0" aborted="0" inconclusive="0" passedButRunAborted="0" notRunnable="0" notExecuted="0" disconnected="0" warning="0" completed="0" inProgress="0" pending="0" />
    <Output>
      <StdOut>NUnit Adapter 3.11.0.0: Test execution started&#xD;
Running all tests in C:\Users\Douglas\trainning\CSharp\Econtact\NUnitTestProject1\bin\Debug\netcoreapp2.2\EcontactTest.dll&#xD;
   NUnit3TestExecutor converted 1 of 1 NUnit test cases&#xD;
NUnit Adapter 3.11.0.0: Test execution complete&#xD;
</StdOut>
    </Output>
  </ResultSummary>
</TestRun>