<?xml version="1.0" encoding="utf-8"?>
<TestRun id="d922fd4a-c9e3-485f-8017-667cdf05af09" name="Douglas@DESKTOP-UJI8L8D 2020-05-10 23:08:35" runUser="DESKTOP-UJI8L8D\Douglas" xmlns="http://microsoft.com/schemas/VisualStudio/TeamTest/2010">
  <Times creation="2020-05-10T23:08:35.7491171-03:00" queuing="2020-05-10T23:08:35.7491171-03:00" start="2020-05-10T23:08:30.1248338-03:00" finish="2020-05-10T23:08:35.8260709-03:00" />
  <TestSettings name="default" id="bd2009c7-51e7-4c71-a863-05cc8fb14331">
    <Deployment runDeploymentRoot="Douglas_DESKTOP-UJI8L8D_2020-05-10_23_08_35" />
  </TestSettings>
  <Results>
    <UnitTestResult executionId="16db511d-01de-4ddf-8653-1f5568e3ca81" testId="4b75d892-0246-2009-e071-c0cc86f451c5" testName="InsertTest" computerName="DESKTOP-UJI8L8D" duration="00:00:00.1410000" startTime="2020-05-10T23:08:35.0000000-03:00" endTime="2020-05-10T23:08:35.0000000-03:00" testType="13cdc9d9-ddb5-4fa4-a97d-d965ccfc6d4b" outcome="Passed" testListId="8c84fa94-04c1-424b-9868-57a2d4851a1d" relativeResultsDirectory="16db511d-01de-4ddf-8653-1f5568e3ca81" />
  </Results>
  <TestDefinitions>
    <UnitTest name="InsertTest" storage="c:\users\douglas\trainning\csharp\econtact\nunittestproject1\bin\debug\netcoreapp2.2\econtacttest.dll" id="4b75d892-0246-2009-e071-c0cc86f451c5">
      <Execution id="16db511d-01de-4ddf-8653-1f5568e3ca81" />
      <TestMethod codeBase="C:\Users\Douglas\trainning\CSharp\Econtact\NUnitTestProject1\bin\Debug\netcoreapp2.2\EcontactTest.dll" adapterTypeName="executor://nunit3testexecutor/" className="Tests.Tests" name="InsertTest" />
    </UnitTest>
  </TestDefinitions>
  <TestEntries>
    <TestEntry testId="4b75d892-0246-2009-e071-c0cc86f451c5" executionId="16db511d-01de-4ddf-8653-1f5568e3ca81" testListId="8c84fa94-04c1-424b-9868-57a2d4851a1d" />
  </TestEntries>
  <TestLists>
    <TestList name="Resultados que não estão em uma lista" id="8c84fa94-04c1-424b-9868-57a2d4851a1d" />
    <TestList name="Todos os resultados carregados" id="19431567-8539-422a-85d7-44ee4e166bda" />
  </TestLists>
  <ResultSummary outcome="Completed">
    <Counters total="1" executed="1" passed="1" failed="0" error="0" timeout="0" aborted="0" inconclusive="0" passedButRunAborted="0" notRunnable="0" notExecuted="0" disconnected="0" warning="0" completed="0" inProgress="0" pending="0" />
    <Output>
      <StdOut>NUnit Adapter 3.11.0.0: Test execution started&#xD;
Running all tests in C:\Users\Douglas\trainning\CSharp\Econtact\NUnitTestProject1\bin\Debug\netcoreapp2.2\EcontactTest.dll&#xD;
   NUnit3TestExecutor converted 1 of 1 NUnit test cases&#xD;
NUnit Adapter 3.11.0.0: Test execution complete&#xD;
</StdOut>
    </Output>
  </ResultSummary>
</TestRun>