<?xml version="1.0" encoding="utf-8"?>
<TestRun id="5b6361f5-ab2e-4d15-a329-40123438cfad" name="Douglas@DESKTOP-UJI8L8D 2020-05-14 21:12:08" runUser="DESKTOP-UJI8L8D\Douglas" xmlns="http://microsoft.com/schemas/VisualStudio/TeamTest/2010">
  <Times creation="2020-05-14T21:12:08.5995142-03:00" queuing="2020-05-14T21:12:08.5995142-03:00" start="2020-05-14T21:12:05.2683518-03:00" finish="2020-05-14T21:12:11.1250516-03:00" />
  <TestSettings name="default" id="8d7f9d5d-2fd6-421c-93a3-f8b4e1e3f63c">
    <Deployment runDeploymentRoot="Douglas_DESKTOP-UJI8L8D_2020-05-14_21_12_08" />
  </TestSettings>
  <Results>
    <UnitTestResult executionId="55590287-9bc6-4301-913a-b94bd9103cd6" testId="b5f8205c-32ba-c454-e19b-22d9ea88200c" testName="DeleteTest_Using_LocalDB_Should_Pass" computerName="DESKTOP-UJI8L8D" duration="00:00:00.0163339" startTime="2020-05-14T21:12:08.4725202-03:00" endTime="2020-05-14T21:12:08.4885862-03:00" testType="13cdc9d9-ddb5-4fa4-a97d-d965ccfc6d4b" outcome="Passed" testListId="8c84fa94-04c1-424b-9868-57a2d4851a1d" relativeResultsDirectory="55590287-9bc6-4301-913a-b94bd9103cd6" />
    <UnitTestResult executionId="dde2a182-288c-4ef7-93d0-d5a7f322604c" testId="ba66536a-8fa4-dc6e-5066-48b6a3729a77" testName="UpdateTest_Using_LocalDB_Contact_Null_Should_Throw_Exception" computerName="DESKTOP-UJI8L8D" duration="00:00:00.0068543" startTime="2020-05-14T21:12:08.3695786-03:00" endTime="2020-05-14T21:12:08.3765722-03:00" testType="13cdc9d9-ddb5-4fa4-a97d-d965ccfc6d4b" outcome="Passed" testListId="8c84fa94-04c1-424b-9868-57a2d4851a1d" relativeResultsDirectory="dde2a182-288c-4ef7-93d0-d5a7f322604c" />
    <UnitTestResult executionId="967c31b0-9137-41af-a3f4-0c7ec38b9746" testId="3ea7f1d8-c75c-71d0-20cb-97002fffbe88" testName="SelectTest_Using_LocalDB_With_Empty_Table_Should_Return_Empty" computerName="DESKTOP-UJI8L8D" duration="00:00:00.0067118" startTime="2020-05-14T21:12:08.4635278-03:00" endTime="2020-05-14T21:12:08.4705236-03:00" testType="13cdc9d9-ddb5-4fa4-a97d-d965ccfc6d4b" outcome="Passed" testListId="8c84fa94-04c1-424b-9868-57a2d4851a1d" relativeResultsDirectory="967c31b0-9137-41af-a3f4-0c7ec38b9746" />
    <UnitTestResult executionId="20fafbe6-d8cc-4066-8c00-94190adb2772" testId="8bb87271-7233-ad37-fec1-fc87e9e7b535" testName="SelectTest_Using_LocalDB_Should_Pass" computerName="DESKTOP-UJI8L8D" duration="00:00:00.0756575" startTime="2020-05-14T21:12:08.3875649-03:00" endTime="2020-05-14T21:12:08.4635278-03:00" testType="13cdc9d9-ddb5-4fa4-a97d-d965ccfc6d4b" outcome="Passed" testListId="8c84fa94-04c1-424b-9868-57a2d4851a1d" relativeResultsDirectory="20fafbe6-d8cc-4066-8c00-94190adb2772" />
    <UnitTestResult executionId="0321c1b5-4a45-4584-8874-3c81db4209f6" testId="5c0f94cb-b64b-f4d0-9ef6-381db9216c6e" testName="UpdateTest_Using_LocalDB_Passing_Invalid_Id_Should_Return_False" computerName="DESKTOP-UJI8L8D" duration="00:00:00.0105780" startTime="2020-05-14T21:12:08.3765722-03:00" endTime="2020-05-14T21:12:08.3875649-03:00" testType="13cdc9d9-ddb5-4fa4-a97d-d965ccfc6d4b" outcome="Passed" testListId="8c84fa94-04c1-424b-9868-57a2d4851a1d" relativeResultsDirectory="0321c1b5-4a45-4584-8874-3c81db4209f6" />
    <UnitTestResult executionId="2c2b763d-97ec-42e9-b9bf-be4c96177ddb" testId="9f1f392f-93c9-29da-2909-3a56c5d173cd" testName="InsertTest_Using_LocalDB_Adding_Null_Contact_Should_Fail" computerName="DESKTOP-UJI8L8D" duration="00:00:00.0294407" startTime="2020-05-14T21:12:08.3236721-03:00" endTime="2020-05-14T21:12:08.3536534-03:00" testType="13cdc9d9-ddb5-4fa4-a97d-d965ccfc6d4b" outcome="Passed" testListId="8c84fa94-04c1-424b-9868-57a2d4851a1d" relativeResultsDirectory="2c2b763d-97ec-42e9-b9bf-be4c96177ddb" />
    <UnitTestResult executionId="63c48031-37d9-4a9e-8815-0a7c951a43b5" testId="6e5bb38c-2181-2ef6-3152-418b07557d09" testName="UpdateTest_Using_LocalDB_Should_Pass" computerName="DESKTOP-UJI8L8D" duration="00:00:00.0143211" startTime="2020-05-14T21:12:08.3546526-03:00" endTime="2020-05-14T21:12:08.3685794-03:00" testType="13cdc9d9-ddb5-4fa4-a97d-d965ccfc6d4b" outcome="Passed" testListId="8c84fa94-04c1-424b-9868-57a2d4851a1d" relativeResultsDirectory="63c48031-37d9-4a9e-8815-0a7c951a43b5" />
    <UnitTestResult executionId="d40e8b4b-c7c7-4d19-97e9-589ac1411de1" testId="4ad0bac9-b70a-a734-317a-3e074a36f9d5" testName="InsertTest_Using_LocalDB_Should_Pass" computerName="DESKTOP-UJI8L8D" duration="00:00:01.0698793" startTime="2020-05-14T21:12:07.1271000-03:00" endTime="2020-05-14T21:12:08.3136794-03:00" testType="13cdc9d9-ddb5-4fa4-a97d-d965ccfc6d4b" outcome="Passed" testListId="8c84fa94-04c1-424b-9868-57a2d4851a1d" relativeResultsDirectory="d40e8b4b-c7c7-4d19-97e9-589ac1411de1" />
    <UnitTestResult executionId="edaafded-22aa-43da-975f-67a312462380" testId="92117263-888b-948b-bbd9-8eb813af7903" testName="DeleteTest_Using_LocalDB_Using_invalid_Id_Should_Return_False" computerName="DESKTOP-UJI8L8D" duration="00:00:00.0415615" startTime="2020-05-14T21:12:08.4905831-03:00" endTime="2020-05-14T21:12:08.5323922-03:00" testType="13cdc9d9-ddb5-4fa4-a97d-d965ccfc6d4b" outcome="Passed" testListId="8c84fa94-04c1-424b-9868-57a2d4851a1d" relativeResultsDirectory="edaafded-22aa-43da-975f-67a312462380" />
    <UnitTestResult executionId="f80a7f6e-49ba-431c-a19c-cfbb6d35cae7" testId="e68fd9dc-6631-981d-a8fe-f33fbece6a80" testName="DeleteTest_Using_LocalDB_Using_invalid_Contact_Should_Return_Exception" computerName="DESKTOP-UJI8L8D" duration="00:00:00.0406104" startTime="2020-05-14T21:12:08.5323922-03:00" endTime="2020-05-14T21:12:08.5735310-03:00" testType="13cdc9d9-ddb5-4fa4-a97d-d965ccfc6d4b" outcome="Passed" testListId="8c84fa94-04c1-424b-9868-57a2d4851a1d" relativeResultsDirectory="f80a7f6e-49ba-431c-a19c-cfbb6d35cae7" />
    <UnitTestResult executionId="555dfe47-8bc6-4e6b-8d2a-21cda6fae179" testId="8e7ce135-6aed-6d99-eed4-96f79d070085" testName="SelectTest_Using_LocalDB_With_Fake_Connection_Return_Exception" computerName="DESKTOP-UJI8L8D" startTime="2020-05-14T21:12:08.4705236-03:00" endTime="2020-05-14T21:12:08.4725202-03:00" testType="13cdc9d9-ddb5-4fa4-a97d-d965ccfc6d4b" outcome="NotExecuted" testListId="8c84fa94-04c1-424b-9868-57a2d4851a1d" relativeResultsDirectory="555dfe47-8bc6-4e6b-8d2a-21cda6fae179">
      <Output>
        <ErrorInfo>
          <Message>Not possible to chage the connection string</Message>
        </ErrorInfo>
      </Output>
    </UnitTestResult>
  </Results>
  <TestDefinitions>
    <UnitTest name="SelectTest_Using_LocalDB_With_Empty_Table_Should_Return_Empty" storage="c:\users\douglas\trainning\csharp\econtactsolution\econtact\econtactunittest\bin\debug\econtactunittest.dll" id="3ea7f1d8-c75c-71d0-20cb-97002fffbe88">
      <Execution id="967c31b0-9137-41af-a3f4-0c7ec38b9746" />
      <TestMethod codeBase="C:\Users\Douglas\trainning\CSharp\EcontactSolution\Econtact\EcontactUnitTest\bin\Debug\EcontactUnitTest.dll" adapterTypeName="executor://mstestadapter/v2" className="EcontactUnitTest.Tests" name="SelectTest_Using_LocalDB_With_Empty_Table_Should_Return_Empty" />
    </UnitTest>
    <UnitTest name="DeleteTest_Using_LocalDB_Using_invalid_Id_Should_Return_False" storage="c:\users\douglas\trainning\csharp\econtactsolution\econtact\econtactunittest\bin\debug\econtactunittest.dll" id="92117263-888b-948b-bbd9-8eb813af7903">
      <Execution id="edaafded-22aa-43da-975f-67a312462380" />
      <TestMethod codeBase="C:\Users\Douglas\trainning\CSharp\EcontactSolution\Econtact\EcontactUnitTest\bin\Debug\EcontactUnitTest.dll" adapterTypeName="executor://mstestadapter/v2" className="EcontactUnitTest.Tests" name="DeleteTest_Using_LocalDB_Using_invalid_Id_Should_Return_False" />
    </UnitTest>
    <UnitTest name="UpdateTest_Using_LocalDB_Passing_Invalid_Id_Should_Return_False" storage="c:\users\douglas\trainning\csharp\econtactsolution\econtact\econtactunittest\bin\debug\econtactunittest.dll" id="5c0f94cb-b64b-f4d0-9ef6-381db9216c6e">
      <Execution id="0321c1b5-4a45-4584-8874-3c81db4209f6" />
      <TestMethod codeBase="C:\Users\Douglas\trainning\CSharp\EcontactSolution\Econtact\EcontactUnitTest\bin\Debug\EcontactUnitTest.dll" adapterTypeName="executor://mstestadapter/v2" className="EcontactUnitTest.Tests" name="UpdateTest_Using_LocalDB_Passing_Invalid_Id_Should_Return_False" />
    </UnitTest>
    <UnitTest name="DeleteTest_Using_LocalDB_Should_Pass" storage="c:\users\douglas\trainning\csharp\econtactsolution\econtact\econtactunittest\bin\debug\econtactunittest.dll" id="b5f8205c-32ba-c454-e19b-22d9ea88200c">
      <Execution id="55590287-9bc6-4301-913a-b94bd9103cd6" />
      <TestMethod codeBase="C:\Users\Douglas\trainning\CSharp\EcontactSolution\Econtact\EcontactUnitTest\bin\Debug\EcontactUnitTest.dll" adapterTypeName="executor://mstestadapter/v2" className="EcontactUnitTest.Tests" name="DeleteTest_Using_LocalDB_Should_Pass" />
    </UnitTest>
    <UnitTest name="InsertTest_Using_LocalDB_Should_Pass" storage="c:\users\douglas\trainning\csharp\econtactsolution\econtact\econtactunittest\bin\debug\econtactunittest.dll" id="4ad0bac9-b70a-a734-317a-3e074a36f9d5">
      <Execution id="d40e8b4b-c7c7-4d19-97e9-589ac1411de1" />
      <TestMethod codeBase="C:\Users\Douglas\trainning\CSharp\EcontactSolution\Econtact\EcontactUnitTest\bin\Debug\EcontactUnitTest.dll" adapterTypeName="executor://mstestadapter/v2" className="EcontactUnitTest.Tests" name="InsertTest_Using_LocalDB_Should_Pass" />
    </UnitTest>
    <UnitTest name="DeleteTest_Using_LocalDB_Using_invalid_Contact_Should_Return_Exception" storage="c:\users\douglas\trainning\csharp\econtactsolution\econtact\econtactunittest\bin\debug\econtactunittest.dll" id="e68fd9dc-6631-981d-a8fe-f33fbece6a80">
      <Execution id="f80a7f6e-49ba-431c-a19c-cfbb6d35cae7" />
      <TestMethod codeBase="C:\Users\Douglas\trainning\CSharp\EcontactSolution\Econtact\EcontactUnitTest\bin\Debug\EcontactUnitTest.dll" adapterTypeName="executor://mstestadapter/v2" className="EcontactUnitTest.Tests" name="DeleteTest_Using_LocalDB_Using_invalid_Contact_Should_Return_Exception" />
    </UnitTest>
    <UnitTest name="UpdateTest_Using_LocalDB_Should_Pass" storage="c:\users\douglas\trainning\csharp\econtactsolution\econtact\econtactunittest\bin\debug\econtactunittest.dll" id="6e5bb38c-2181-2ef6-3152-418b07557d09">
      <Execution id="63c48031-37d9-4a9e-8815-0a7c951a43b5" />
      <TestMethod codeBase="C:\Users\Douglas\trainning\CSharp\EcontactSolution\Econtact\EcontactUnitTest\bin\Debug\EcontactUnitTest.dll" adapterTypeName="executor://mstestadapter/v2" className="EcontactUnitTest.Tests" name="UpdateTest_Using_LocalDB_Should_Pass" />
    </UnitTest>
    <UnitTest name="InsertTest_Using_LocalDB_Adding_Null_Contact_Should_Fail" storage="c:\users\douglas\trainning\csharp\econtactsolution\econtact\econtactunittest\bin\debug\econtactunittest.dll" id="9f1f392f-93c9-29da-2909-3a56c5d173cd">
      <Execution id="2c2b763d-97ec-42e9-b9bf-be4c96177ddb" />
      <TestMethod codeBase="C:\Users\Douglas\trainning\CSharp\EcontactSolution\Econtact\EcontactUnitTest\bin\Debug\EcontactUnitTest.dll" adapterTypeName="executor://mstestadapter/v2" className="EcontactUnitTest.Tests" name="InsertTest_Using_LocalDB_Adding_Null_Contact_Should_Fail" />
    </UnitTest>
    <UnitTest name="SelectTest_Using_LocalDB_With_Fake_Connection_Return_Exception" storage="c:\users\douglas\trainning\csharp\econtactsolution\econtact\econtactunittest\bin\debug\econtactunittest.dll" id="8e7ce135-6aed-6d99-eed4-96f79d070085">
      <Execution id="555dfe47-8bc6-4e6b-8d2a-21cda6fae179" />
      <TestMethod codeBase="C:\Users\Douglas\trainning\CSharp\EcontactSolution\Econtact\EcontactUnitTest\bin\Debug\EcontactUnitTest.dll" adapterTypeName="executor://mstestadapter/v2" className="EcontactUnitTest.Tests" name="SelectTest_Using_LocalDB_With_Fake_Connection_Return_Exception" />
    </UnitTest>
    <UnitTest name="UpdateTest_Using_LocalDB_Contact_Null_Should_Throw_Exception" storage="c:\users\douglas\trainning\csharp\econtactsolution\econtact\econtactunittest\bin\debug\econtactunittest.dll" id="ba66536a-8fa4-dc6e-5066-48b6a3729a77">
      <Execution id="dde2a182-288c-4ef7-93d0-d5a7f322604c" />
      <TestMethod codeBase="C:\Users\Douglas\trainning\CSharp\EcontactSolution\Econtact\EcontactUnitTest\bin\Debug\EcontactUnitTest.dll" adapterTypeName="executor://mstestadapter/v2" className="EcontactUnitTest.Tests" name="UpdateTest_Using_LocalDB_Contact_Null_Should_Throw_Exception" />
    </UnitTest>
    <UnitTest name="SelectTest_Using_LocalDB_Should_Pass" storage="c:\users\douglas\trainning\csharp\econtactsolution\econtact\econtactunittest\bin\debug\econtactunittest.dll" id="8bb87271-7233-ad37-fec1-fc87e9e7b535">
      <Execution id="20fafbe6-d8cc-4066-8c00-94190adb2772" />
      <TestMethod codeBase="C:\Users\Douglas\trainning\CSharp\EcontactSolution\Econtact\EcontactUnitTest\bin\Debug\EcontactUnitTest.dll" adapterTypeName="executor://mstestadapter/v2" className="EcontactUnitTest.Tests" name="SelectTest_Using_LocalDB_Should_Pass" />
    </UnitTest>
  </TestDefinitions>
  <TestEntries>
    <TestEntry testId="b5f8205c-32ba-c454-e19b-22d9ea88200c" executionId="55590287-9bc6-4301-913a-b94bd9103cd6" testListId="8c84fa94-04c1-424b-9868-57a2d4851a1d" />
    <TestEntry testId="ba66536a-8fa4-dc6e-5066-48b6a3729a77" executionId="dde2a182-288c-4ef7-93d0-d5a7f322604c" testListId="8c84fa94-04c1-424b-9868-57a2d4851a1d" />
    <TestEntry testId="3ea7f1d8-c75c-71d0-20cb-97002fffbe88" executionId="967c31b0-9137-41af-a3f4-0c7ec38b9746" testListId="8c84fa94-04c1-424b-9868-57a2d4851a1d" />
    <TestEntry testId="8bb87271-7233-ad37-fec1-fc87e9e7b535" executionId="20fafbe6-d8cc-4066-8c00-94190adb2772" testListId="8c84fa94-04c1-424b-9868-57a2d4851a1d" />
    <TestEntry testId="5c0f94cb-b64b-f4d0-9ef6-381db9216c6e" executionId="0321c1b5-4a45-4584-8874-3c81db4209f6" testListId="8c84fa94-04c1-424b-9868-57a2d4851a1d" />
    <TestEntry testId="9f1f392f-93c9-29da-2909-3a56c5d173cd" executionId="2c2b763d-97ec-42e9-b9bf-be4c96177ddb" testListId="8c84fa94-04c1-424b-9868-57a2d4851a1d" />
    <TestEntry testId="6e5bb38c-2181-2ef6-3152-418b07557d09" executionId="63c48031-37d9-4a9e-8815-0a7c951a43b5" testListId="8c84fa94-04c1-424b-9868-57a2d4851a1d" />
    <TestEntry testId="4ad0bac9-b70a-a734-317a-3e074a36f9d5" executionId="d40e8b4b-c7c7-4d19-97e9-589ac1411de1" testListId="8c84fa94-04c1-424b-9868-57a2d4851a1d" />
    <TestEntry testId="92117263-888b-948b-bbd9-8eb813af7903" executionId="edaafded-22aa-43da-975f-67a312462380" testListId="8c84fa94-04c1-424b-9868-57a2d4851a1d" />
    <TestEntry testId="e68fd9dc-6631-981d-a8fe-f33fbece6a80" executionId="f80a7f6e-49ba-431c-a19c-cfbb6d35cae7" testListId="8c84fa94-04c1-424b-9868-57a2d4851a1d" />
    <TestEntry testId="8e7ce135-6aed-6d99-eed4-96f79d070085" executionId="555dfe47-8bc6-4e6b-8d2a-21cda6fae179" testListId="8c84fa94-04c1-424b-9868-57a2d4851a1d" />
  </TestEntries>
  <TestLists>
    <TestList name="Resultados que não estão em uma lista" id="8c84fa94-04c1-424b-9868-57a2d4851a1d" />
    <TestList name="Todos os resultados carregados" id="19431567-8539-422a-85d7-44ee4e166bda" />
  </TestLists>
  <ResultSummary outcome="Completed">
    <Counters total="11" executed="10" passed="10" failed="0" error="0" timeout="0" aborted="0" inconclusive="0" passedButRunAborted="0" notRunnable="0" notExecuted="0" disconnected="0" warning="0" completed="0" inProgress="0" pending="0" />
    <Output>
      <StdOut>O teste 'SelectTest_Using_LocalDB_With_Fake_Connection_Return_Exception' foi ignorado na execução de teste.&#xD;
</StdOut>
    </Output>
  </ResultSummary>
</TestRun>